<?xml version="1.0" encoding="UTF-8"?>
<testsuite xmlns:xsi="http://www.w3.org/2001/XMLSchema-instance" xsi:noNamespaceSchemaLocation="https://maven.apache.org/surefire/maven-surefire-plugin/xsd/surefire-test-report.xsd" name="org.kitcrawler.AppTest" time="0.078" tests="1" errors="0" skipped="0" failures="0">
  <properties>
    <property name="sun.desktop" value="windows"/>
    <property name="awt.toolkit" value="sun.awt.windows.WToolkit"/>
    <property name="file.encoding.pkg" value="sun.io"/>
    <property name="java.specification.version" value="1.8"/>
    <property name="sun.cpu.isalist" value="pentium_pro+mmx pentium_pro pentium+mmx pentium i486 i386 i86"/>
    <property name="sun.jnu.encoding" value="Cp1252"/>
    <property name="java.class.path" value="C:\Users\kithm\IdeaProjects\KitCrawler\target\test-classes;C:\Users\kithm\IdeaProjects\KitCrawler\target\classes;C:\Users\kithm\.m2\repository\junit\junit\4.11\junit-4.11.jar;C:\Users\kithm\.m2\repository\org\hamcrest\hamcrest-core\1.3\hamcrest-core-1.3.jar;C:\Users\kithm\.m2\repository\edu\uci\ics\crawler4j\4.4.0\crawler4j-4.4.0.jar;C:\Users\kithm\.m2\repository\org\slf4j\slf4j-api\1.7.22\slf4j-api-1.7.22.jar;C:\Users\kithm\.m2\repository\ch\qos\logback\logback-classic\1.1.7\logback-classic-1.1.7.jar;C:\Users\kithm\.m2\repository\ch\qos\logback\logback-core\1.1.7\logback-core-1.1.7.jar;C:\Users\kithm\.m2\repository\com\google\guava\guava\24.0-jre\guava-24.0-jre.jar;C:\Users\kithm\.m2\repository\com\google\code\findbugs\jsr305\1.3.9\jsr305-1.3.9.jar;C:\Users\kithm\.m2\repository\org\checkerframework\checker-compat-qual\2.0.0\checker-compat-qual-2.0.0.jar;C:\Users\kithm\.m2\repository\com\google\errorprone\error_prone_annotations\2.1.3\error_prone_annotations-2.1.3.jar;C:\Users\kithm\.m2\repository\com\google\j2objc\j2objc-annotations\1.1\j2objc-annotations-1.1.jar;C:\Users\kithm\.m2\repository\org\codehaus\mojo\animal-sniffer-annotations\1.14\animal-sniffer-annotations-1.14.jar;C:\Users\kithm\.m2\repository\org\apache\httpcomponents\httpclient\4.5.3\httpclient-4.5.3.jar;C:\Users\kithm\.m2\repository\org\apache\httpcomponents\httpcore\4.4.6\httpcore-4.4.6.jar;C:\Users\kithm\.m2\repository\commons-logging\commons-logging\1.2\commons-logging-1.2.jar;C:\Users\kithm\.m2\repository\commons-codec\commons-codec\1.9\commons-codec-1.9.jar;C:\Users\kithm\.m2\repository\com\sleepycat\je\5.0.84\je-5.0.84.jar;C:\Users\kithm\.m2\repository\org\apache\tika\tika-parsers\1.16\tika-parsers-1.16.jar;C:\Users\kithm\.m2\repository\org\apache\tika\tika-core\1.16\tika-core-1.16.jar;C:\Users\kithm\.m2\repository\org\apache\james\apache-mime4j-core\0.8.1\apache-mime4j-core-0.8.1.jar;C:\Users\kithm\.m2\repository\org\apache\james\apache-mime4j-dom\0.8.1\apache-mime4j-dom-0.8.1.jar;C:\Users\kithm\.m2\repository\org\ccil\cowan\tagsoup\tagsoup\1.2.1\tagsoup-1.2.1.jar;C:\Users\kithm\.m2\repository\commons-io\commons-io\2.5\commons-io-2.5.jar;C:\Users\kithm\.m2\repository\org\slf4j\jul-to-slf4j\1.7.24\jul-to-slf4j-1.7.24.jar;C:\Users\kithm\.m2\repository\org\slf4j\jcl-over-slf4j\1.7.24\jcl-over-slf4j-1.7.24.jar;"/>
    <property name="java.vm.vendor" value="Oracle Corporation"/>
    <property name="sun.arch.data.model" value="32"/>
    <property name="user.variant" value=""/>
    <property name="java.vendor.url" value="http://java.oracle.com/"/>
    <property name="user.timezone" value="Asia/Colombo"/>
    <property name="java.vm.specification.version" value="1.8"/>
    <property name="os.name" value="Windows 8.1"/>
    <property name="user.country" value="US"/>
    <property name="sun.java.launcher" value="SUN_STANDARD"/>
    <property name="sun.boot.library.path" value="C:\Java\java-se-8u41-ri\jre\bin"/>
    <property name="sun.java.command" value="C:\Users\kithm\AppData\Local\Temp\surefire2930561890604761151\surefirebooter6011567317911474272.jar C:\Users\kithm\AppData\Local\Temp\surefire2930561890604761151 2021-01-18T09-56-48_427-jvmRun1 surefire5886938716932793464tmp surefire_07517821061499537814tmp"/>
    <property name="surefire.test.class.path" value="C:\Users\kithm\IdeaProjects\KitCrawler\target\test-classes;C:\Users\kithm\IdeaProjects\KitCrawler\target\classes;C:\Users\kithm\.m2\repository\junit\junit\4.11\junit-4.11.jar;C:\Users\kithm\.m2\repository\org\hamcrest\hamcrest-core\1.3\hamcrest-core-1.3.jar;C:\Users\kithm\.m2\repository\edu\uci\ics\crawler4j\4.4.0\crawler4j-4.4.0.jar;C:\Users\kithm\.m2\repository\org\slf4j\slf4j-api\1.7.22\slf4j-api-1.7.22.jar;C:\Users\kithm\.m2\repository\ch\qos\logback\logback-classic\1.1.7\logback-classic-1.1.7.jar;C:\Users\kithm\.m2\repository\ch\qos\logback\logback-core\1.1.7\logback-core-1.1.7.jar;C:\Users\kithm\.m2\repository\com\google\guava\guava\24.0-jre\guava-24.0-jre.jar;C:\Users\kithm\.m2\repository\com\google\code\findbugs\jsr305\1.3.9\jsr305-1.3.9.jar;C:\Users\kithm\.m2\repository\org\checkerframework\checker-compat-qual\2.0.0\checker-compat-qual-2.0.0.jar;C:\Users\kithm\.m2\repository\com\google\errorprone\error_prone_annotations\2.1.3\error_prone_annotations-2.1.3.jar;C:\Users\kithm\.m2\repository\com\google\j2objc\j2objc-annotations\1.1\j2objc-annotations-1.1.jar;C:\Users\kithm\.m2\repository\org\codehaus\mojo\animal-sniffer-annotations\1.14\animal-sniffer-annotations-1.14.jar;C:\Users\kithm\.m2\repository\org\apache\httpcomponents\httpclient\4.5.3\httpclient-4.5.3.jar;C:\Users\kithm\.m2\repository\org\apache\httpcomponents\httpcore\4.4.6\httpcore-4.4.6.jar;C:\Users\kithm\.m2\repository\commons-logging\commons-logging\1.2\commons-logging-1.2.jar;C:\Users\kithm\.m2\repository\commons-codec\commons-codec\1.9\commons-codec-1.9.jar;C:\Users\kithm\.m2\repository\com\sleepycat\je\5.0.84\je-5.0.84.jar;C:\Users\kithm\.m2\repository\org\apache\tika\tika-parsers\1.16\tika-parsers-1.16.jar;C:\Users\kithm\.m2\repository\org\apache\tika\tika-core\1.16\tika-core-1.16.jar;C:\Users\kithm\.m2\repository\org\apache\james\apache-mime4j-core\0.8.1\apache-mime4j-core-0.8.1.jar;C:\Users\kithm\.m2\repository\org\apache\james\apache-mime4j-dom\0.8.1\apache-mime4j-dom-0.8.1.jar;C:\Users\kithm\.m2\repository\org\ccil\cowan\tagsoup\tagsoup\1.2.1\tagsoup-1.2.1.jar;C:\Users\kithm\.m2\repository\commons-io\commons-io\2.5\commons-io-2.5.jar;C:\Users\kithm\.m2\repository\org\slf4j\jul-to-slf4j\1.7.24\jul-to-slf4j-1.7.24.jar;C:\Users\kithm\.m2\repository\org\slf4j\jcl-over-slf4j\1.7.24\jcl-over-slf4j-1.7.24.jar;"/>
    <property name="sun.cpu.endian" value="little"/>
    <property name="user.home" value="C:\Users\kithm"/>
    <property name="user.language" value="en"/>
    <property name="java.specification.vendor" value="Oracle Corporation"/>
    <property name="java.home" value="C:\Java\java-se-8u41-ri\jre"/>
    <property name="basedir" value="C:\Users\kithm\IdeaProjects\KitCrawler"/>
    <property name="file.separator" value="\"/>
    <property name="line.separator" value="&#10;"/>
    <property name="java.vm.specification.vendor" value="Oracle Corporation"/>
    <property name="java.specification.name" value="Java Platform API Specification"/>
    <property name="java.awt.graphicsenv" value="sun.awt.Win32GraphicsEnvironment"/>
    <property name="surefire.real.class.path" value="C:\Users\kithm\AppData\Local\Temp\surefire2930561890604761151\surefirebooter6011567317911474272.jar"/>
    <property name="sun.boot.class.path" value="C:\Java\java-se-8u41-ri\jre\lib\resources.jar;C:\Java\java-se-8u41-ri\jre\lib\rt.jar;C:\Java\java-se-8u41-ri\jre\lib\sunrsasign.jar;C:\Java\java-se-8u41-ri\jre\lib\jsse.jar;C:\Java\java-se-8u41-ri\jre\lib\jce.jar;C:\Java\java-se-8u41-ri\jre\lib\charsets.jar;C:\Java\java-se-8u41-ri\jre\lib\jfr.jar;C:\Java\java-se-8u41-ri\jre\classes"/>
    <property name="user.script" value=""/>
    <property name="sun.management.compiler" value="HotSpot Client Compiler"/>
    <property name="java.runtime.version" value="1.8.0_41-b04"/>
    <property name="user.name" value="Kithmini"/>
    <property name="path.separator" value=";"/>
    <property name="os.version" value="6.3"/>
    <property name="java.endorsed.dirs" value="C:\Java\java-se-8u41-ri\jre\lib\endorsed"/>
    <property name="java.runtime.name" value="OpenJDK Runtime Environment"/>
    <property name="file.encoding" value="Cp1252"/>
    <property name="java.vm.name" value="OpenJDK Client VM"/>
    <property name="localRepository" value="C:\Users\kithm\.m2\repository"/>
    <property name="java.vendor.url.bug" value="http://bugreport.sun.com/bugreport/"/>
    <property name="java.io.tmpdir" value="C:\Users\kithm\AppData\Local\Temp\"/>
    <property name="java.version" value="1.8.0_41"/>
    <property name="user.dir" value="C:\Users\kithm\IdeaProjects\KitCrawler"/>
    <property name="os.arch" value="x86"/>
    <property name="java.vm.specification.name" value="Java Virtual Machine Specification"/>
    <property name="java.awt.printerjob" value="sun.awt.windows.WPrinterJob"/>
    <property name="sun.os.patch.level" value=""/>
    <property name="java.library.path" value="C:\Java\java-se-8u41-ri\jre\bin;C:\WINDOWS\Sun\Java\bin;C:\WINDOWS\system32;C:\WINDOWS;C:\WINDOWS\system32;C:\WINDOWS;C:\WINDOWS\System32\Wbem;C:\WINDOWS\System32\WindowsPowerShell\v1.0\;C:\WINDOWS\System32\OpenSSH\;C:\Program Files\Git\cmd;C:\Go\bin;C:\Program Files (x86)\PuTTY\;C:\Program Files (x86)\NVIDIA Corporation\PhysX\Common;C:\Java\java-se-8u41-ri\bin;C:\apache-maven-3.6.3\bin;C:\Users\kithm\AppData\Local\Microsoft\WindowsApps;C:\Users\kithm\AppData\Local\Programs\Microsoft VS Code\bin;C:\Users\kithm\go\bin;C:\Java\java-se-8u41-ri\bin;C:\apache-maven-3.6.3\bin;C:\Program Files\JetBrains\IntelliJ IDEA Community Edition 2020.3.1\bin;;;."/>
    <property name="java.vm.info" value="mixed mode"/>
    <property name="java.vendor" value="Oracle Corporation"/>
    <property name="java.vm.version" value="25.40-b25"/>
    <property name="java.ext.dirs" value="C:\Java\java-se-8u41-ri\jre\lib\ext;C:\WINDOWS\Sun\Java\lib\ext"/>
    <property name="sun.io.unicode.encoding" value="UnicodeLittle"/>
    <property name="java.class.version" value="52.0"/>
  </properties>
  <testcase name="shouldAnswerWithTrue" classname="org.kitcrawler.AppTest" time="0.006"/>
</testsuite>